

*******************************************************************************
Wed Nov 19 10:57:01 2025


FIT:    data read from 'pep.csv' using 1:2:3 yerror
        format = x:z:s
        x range restricted to [0.00000 : 0.0140000]
        #datapoints = 3
function used for fitting: f(x)
	f(x)=a+b*x
fitted parameters initialized with current variable values

iter      chisq       delta/lim  lambda   a             b            
   0 3.1291469269e+120  0.00e+00  1.28e+60    1.000000e+00   1.000000e+00
   1 6.3860141365e+118 -4.80e+06  1.28e+59    5.179352e-01   9.992287e-01

The maximum lambda = 1.000000e+20 was exceeded. Fit stopped.
final sum of squares of residuals : 6.38601e+118
rel. change during last iteration : -48

degrees of freedom    (FIT_NDF)                        : 1
rms of residuals      (FIT_STDFIT) = sqrt(WSSR/ndf)    : 2.52706e+59
variance of residuals (reduced chisquare) = WSSR/ndf   : 6.38601e+118
p-value of the Chisq distribution (FIT_P)              : 2

Final set of parameters            Asymptotic Standard Error
=======================            ==========================
a               = 0.517935         +/- 5.707e+54    (1.102e+57%)
b               = 0.999229         +/- 3.567e+57    (3.569e+59%)

correlation matrix of the fit parameters:
                a      b      
a               1.000 
b              -1.000  1.000 


*******************************************************************************
Wed Nov 19 10:58:58 2025


FIT:    data read from 'pep.csv' using 1:2:3 yerror
        format = x:z:s
        x range restricted to [0.00000 : 0.0140000]
        #datapoints = 3
function used for fitting: f(x)
	f(x)=a+b*x
fitted parameters initialized with current variable values

iter      chisq       delta/lim  lambda   a             b            
   0 6.3954110473e+08   0.00e+00  6.65e+04    5.179352e-01   9.992287e-01
   7 1.7328834359e-01  -6.95e-03  6.65e-03    4.403899e-01  -7.501948e-01

After 7 iterations the fit converged.
final sum of squares of residuals : 0.173288
rel. change during last iteration : -6.94966e-08

degrees of freedom    (FIT_NDF)                        : 1
rms of residuals      (FIT_STDFIT) = sqrt(WSSR/ndf)    : 0.416279
variance of residuals (reduced chisquare) = WSSR/ndf   : 0.173288
p-value of the Chisq distribution (FIT_P)              : 0.677206

Final set of parameters            Asymptotic Standard Error
=======================            ==========================
a               = 0.44039          +/- 1.193e-05    (0.002709%)
b               = -0.750195        +/- 0.007388     (0.9848%)

correlation matrix of the fit parameters:
                a      b      
a               1.000 
b              -0.994  1.000 


*******************************************************************************
Wed Nov 19 11:23:22 2025


FIT:    data read from 'Phase_Trans_Analysis.csv' u 1:2:5 yerror
        format = x:z:s
        x range restricted to [0.00000 : 0.0140000]
BREAK: No data to fit

*******************************************************************************
Wed Nov 19 11:26:08 2025


FIT:    data read from 'pep.csv' u 1:2:5
        format = x:z:s
        #datapoints = 3
function used for fitting: f(x)
	f(x)=a+b*x
BREAK: Need via and either parameter list or file

*******************************************************************************
Wed Nov 19 11:26:47 2025


FIT:    data read from 'pep.csv' u 1:2:5 yerr
        format = x:z:s
        #datapoints = 3
function used for fitting: f(x)
	f(x)=a+b*x
fitted parameters initialized with current variable values

iter      chisq       delta/lim  lambda   a             b            
   0 3.0622241886e+12   0.00e+00  6.55e+05    1.000000e+00   1.000000e+00
   6 4.1549427592e+02  -1.31e-02  6.55e-01    4.214624e-01   3.545611e-03

After 6 iterations the fit converged.
final sum of squares of residuals : 415.494
rel. change during last iteration : -1.31382e-07

degrees of freedom    (FIT_NDF)                        : 1
rms of residuals      (FIT_STDFIT) = sqrt(WSSR/ndf)    : 20.3837
variance of residuals (reduced chisquare) = WSSR/ndf   : 415.494
p-value of the Chisq distribution (FIT_P)              : 0

Final set of parameters            Asymptotic Standard Error
=======================            ==========================
a               = 0.421462         +/- 0.004965     (1.178%)
b               = 0.00354561       +/- 0.0009934    (28.02%)

correlation matrix of the fit parameters:
                a      b      
a               1.000 
b              -1.000  1.000 


*******************************************************************************
Wed Nov 19 11:29:29 2025


FIT:    data read from 'pep.csv' u 1:2:5 yerr
        format = x:z:s
        #datapoints = 3
function used for fitting: f(x)
	f(x)=a+b*x
fitted parameters initialized with current variable values

iter      chisq       delta/lim  lambda   a             b            
   0 3.1350817948e+10   0.00e+00  1.29e+05    1.000000e+00   1.000000e+00
   8 6.6304751802e-03  -2.18e-07  1.29e-03    4.404107e-01  -7.632135e-01

After 8 iterations the fit converged.
final sum of squares of residuals : 0.00663048
rel. change during last iteration : -2.18002e-12

degrees of freedom    (FIT_NDF)                        : 1
rms of residuals      (FIT_STDFIT) = sqrt(WSSR/ndf)    : 0.0814277
variance of residuals (reduced chisquare) = WSSR/ndf   : 0.00663048
p-value of the Chisq distribution (FIT_P)              : 0.935102

Final set of parameters            Asymptotic Standard Error
=======================            ==========================
a               = 0.440411         +/- 1.35e-06     (0.0003066%)
b               = -0.763213        +/- 0.0008225    (0.1078%)

correlation matrix of the fit parameters:
                a      b      
a               1.000 
b              -0.981  1.000 


*******************************************************************************
Wed Nov 19 11:30:22 2025


FIT:    data read from 'pep.csv' u 1:3:6 yerr
        format = x:z:s
        #datapoints = 3
function used for fitting: f(x)
	f(x)=a+b*x
fitted parameters initialized with current variable values

iter      chisq       delta/lim  lambda   a             b            
   0 2.3896724225e+08   0.00e+00  6.36e+03    4.404107e-01  -7.632135e-01
   7 3.8238141295e-01  -5.18e-06  6.36e-04   -3.743659e-04   1.735935e+00

After 7 iterations the fit converged.
final sum of squares of residuals : 0.382381
rel. change during last iteration : -5.17913e-11

degrees of freedom    (FIT_NDF)                        : 1
rms of residuals      (FIT_STDFIT) = sqrt(WSSR/ndf)    : 0.61837
variance of residuals (reduced chisquare) = WSSR/ndf   : 0.382381
p-value of the Chisq distribution (FIT_P)              : 0.536331

Final set of parameters            Asymptotic Standard Error
=======================            ==========================
a               = -0.000374366     +/- 9.918e-05    (26.49%)
b               = 1.73594          +/- 0.06058      (3.489%)

correlation matrix of the fit parameters:
                a      b      
a               1.000 
b              -0.984  1.000 


*******************************************************************************
Wed Nov 19 14:35:12 2025


FIT:    data read from '/home/alexa/Z2_Lattice/Z2_Lattice_PT/historgam_phase_trans_right_data.csv' u 1:2:5 yerr
        format = x:z:s
        #datapoints = 3
function used for fitting: f(x)
	f(x)=a+b*x
fitted parameters initialized with current variable values

iter      chisq       delta/lim  lambda   a             b            
   0 4.1717385694e+11   0.00e+00  5.16e+05   -3.743659e-04   1.735935e+00
   3 8.4952376897e+10  -2.61e-02  5.16e+02   -3.713579e-04   9.441766e-01

After 3 iterations the fit converged.
final sum of squares of residuals : 8.49524e+10
rel. change during last iteration : -2.60612e-07

degrees of freedom    (FIT_NDF)                        : 1
rms of residuals      (FIT_STDFIT) = sqrt(WSSR/ndf)    : 291466
variance of residuals (reduced chisquare) = WSSR/ndf   : 8.49524e+10
p-value of the Chisq distribution (FIT_P)              : 0

Final set of parameters            Asymptotic Standard Error
=======================            ==========================
a               = -0.000371358     +/- 150.1        (4.042e+07%)
b               = 0.944177         +/- 0.5632       (59.65%)

correlation matrix of the fit parameters:
                a      b      
a               1.000 
b              -0.703  1.000 
